<?xml version="1.0" encoding="UTF-8"?>
<testsuite name="autotests.tests.DuckTest" time="0.0" tests="8" errors="0" skipped="0" failures="5">
    <testcase name="DuckTest.successfulCreate" classname="autotests.tests.DuckTest" time="0.0">
      <failure type="com.consol.citrus.exceptions.ValidationException" message="Failed to validate JSON text:
{&quot;id&quot;:44,&quot;color&quot;:&quot;red&quot;,&quot;height&quot;:11.0,&quot;material&quot;:&quot;rubber&quot;,&quot;sound&quot;:&quot;quack&quot;,&quot;wingsState&quot;:&quot;ACTIVE&quot;} Values not equal for entry: &apos;sound&apos;, expected &apos;quak&apos; but was &apos;quack&apos;">
        <![CDATA[
        com.consol.citrus.exceptions.ValidationException: Failed to validate JSON text:
{"id":44,"color":"red","height":11.0,"material":"rubber","sound":"quack","wingsState":"ACTIVE"} Values not equal for entry: 'sound', expected 'quak' but was 'quack'
	at com.consol.citrus.validation.json.JsonTextMessageValidator.validateMessage(JsonTextMessageValidator.java:114)
	at com.consol.citrus.validation.json.JsonTextMessageValidator.validateMessage(JsonTextMessageValidator.java:58)
	at com.consol.citrus.validation.AbstractMessageValidator.validateMessage(AbstractMessageValidator.java:46)
	at com.consol.citrus.actions.ReceiveMessageAction.validateMessage(ReceiveMessageAction.java:279)
	at com.consol.citrus.actions.ReceiveMessageAction.doExecute(ReceiveMessageAction.java:168)
	at com.consol.citrus.actions.AbstractTestAction.execute(AbstractTestAction.java:59)
	at com.consol.citrus.DefaultTestCase.executeAction(DefaultTestCase.java:136)
	at com.consol.citrus.DefaultTestCaseRunner.run(DefaultTestCaseRunner.java:125)
	at com.consol.citrus.TestActionRunner.$(TestActionRunner.java:35)
	at autotests.clients.DuckClient.validateResponseAndExtractId(DuckClient.java:85)
	at autotests.tests.DuckTest.successfulCreate(DuckTest.java:28)
	at java.base/jdk.internal.reflect.NativeMethodAccessorImpl.invoke0(Native Method)
	at java.base/jdk.internal.reflect.NativeMethodAccessorImpl.invoke(NativeMethodAccessorImpl.java:77)
	at java.base/jdk.internal.reflect.DelegatingMethodAccessorImpl.invoke(DelegatingMethodAccessorImpl.java:43)
	at java.base/java.lang.reflect.Method.invoke(Method.java:568)
	at org.springframework.util.ReflectionUtils.invokeMethod(ReflectionUtils.java:282)
	at com.consol.citrus.testng.TestNGHelper.lambda$invokeTestMethod$1(TestNGHelper.java:82)
	at com.consol.citrus.common.DefaultTestLoader.lambda$doLoad$1(DefaultTestLoader.java:116)
	at java.base/java.util.ArrayList.forEach(ArrayList.java:1511)
	at com.consol.citrus.common.DefaultTestLoader.doLoad(DefaultTestLoader.java:116)
	at com.consol.citrus.common.DefaultTestLoader.load(DefaultTestLoader.java:94)
	at com.consol.citrus.testng.TestNGHelper.invokeTestMethod(TestNGHelper.java:83)
	at com.consol.citrus.testng.spring.TestNGCitrusSpringSupport.run(TestNGCitrusSpringSupport.java:185)
	at com.consol.citrus.testng.spring.TestNGCitrusSpringSupport.run(TestNGCitrusSpringSupport.java:101)
	at org.testng.internal.invokers.MethodInvocationHelper.invokeHookable(MethodInvocationHelper.java:272)
	at org.testng.internal.invokers.TestInvoker.invokeMethod(TestInvoker.java:669)
	at org.testng.internal.invokers.TestInvoker.invokeTestMethod(TestInvoker.java:221)
	at org.testng.internal.invokers.MethodRunner.runInSequence(MethodRunner.java:50)
	at org.testng.internal.invokers.TestInvoker$MethodInvocationAgent.invoke(TestInvoker.java:969)
	at org.testng.internal.invokers.TestInvoker.invokeTestMethods(TestInvoker.java:194)
	at org.testng.internal.invokers.TestMethodWorker.invokeTestMethods(TestMethodWorker.java:148)
	at org.testng.internal.invokers.TestMethodWorker.run(TestMethodWorker.java:128)
	at java.base/java.util.ArrayList.forEach(ArrayList.java:1511)
	at org.testng.TestRunner.privateRun(TestRunner.java:829)
	at org.testng.TestRunner.run(TestRunner.java:602)
	at org.testng.SuiteRunner.runTest(SuiteRunner.java:437)
	at org.testng.SuiteRunner.runSequentially(SuiteRunner.java:431)
	at org.testng.SuiteRunner.privateRun(SuiteRunner.java:391)
	at org.testng.SuiteRunner.run(SuiteRunner.java:330)
	at org.testng.SuiteRunnerWorker.runSuite(SuiteRunnerWorker.java:52)
	at org.testng.SuiteRunnerWorker.run(SuiteRunnerWorker.java:95)
	at org.testng.TestNG.runSuitesSequentially(TestNG.java:1256)
	at org.testng.TestNG.runSuitesLocally(TestNG.java:1176)
	at org.testng.TestNG.runSuites(TestNG.java:1099)
	at org.testng.TestNG.run(TestNG.java:1067)
	at org.gradle.api.internal.tasks.testing.testng.TestNGTestClassProcessor.runTests(TestNGTestClassProcessor.java:145)
	at org.gradle.api.internal.tasks.testing.testng.TestNGTestClassProcessor.stop(TestNGTestClassProcessor.java:92)
	at org.gradle.api.internal.tasks.testing.SuiteTestClassProcessor.stop(SuiteTestClassProcessor.java:62)
	at java.base/jdk.internal.reflect.NativeMethodAccessorImpl.invoke0(Native Method)
	at java.base/jdk.internal.reflect.NativeMethodAccessorImpl.invoke(NativeMethodAccessorImpl.java:77)
	at java.base/jdk.internal.reflect.DelegatingMethodAccessorImpl.invoke(DelegatingMethodAccessorImpl.java:43)
	at java.base/java.lang.reflect.Method.invoke(Method.java:568)
	at org.gradle.internal.dispatch.ReflectionDispatch.dispatch(ReflectionDispatch.java:36)
	at org.gradle.internal.dispatch.ReflectionDispatch.dispatch(ReflectionDispatch.java:24)
	at org.gradle.internal.dispatch.ContextClassLoaderDispatch.dispatch(ContextClassLoaderDispatch.java:33)
	at org.gradle.internal.dispatch.ProxyDispatchAdapter$DispatchingInvocationHandler.invoke(ProxyDispatchAdapter.java:94)
	at jdk.proxy1/jdk.proxy1.$Proxy2.stop(Unknown Source)
	at org.gradle.api.internal.tasks.testing.worker.TestWorker$3.run(TestWorker.java:193)
	at org.gradle.api.internal.tasks.testing.worker.TestWorker.executeAndMaintainThreadName(TestWorker.java:129)
	at org.gradle.api.internal.tasks.testing.worker.TestWorker.execute(TestWorker.java:100)
	at org.gradle.api.internal.tasks.testing.worker.TestWorker.execute(TestWorker.java:60)
	at org.gradle.process.internal.worker.child.ActionExecutionWorker.execute(ActionExecutionWorker.java:56)
	at org.gradle.process.internal.worker.child.SystemApplicationClassLoaderWorker.call(SystemApplicationClassLoaderWorker.java:113)
	at org.gradle.process.internal.worker.child.SystemApplicationClassLoaderWorker.call(SystemApplicationClassLoaderWorker.java:65)
	at worker.org.gradle.process.internal.worker.GradleWorkerMain.run(GradleWorkerMain.java:69)
	at worker.org.gradle.process.internal.worker.GradleWorkerMain.main(GradleWorkerMain.java:74)
Caused by: java.lang.IllegalArgumentException: Values not equal for entry: 'sound', expected 'quak' but was 'quack'
	at org.springframework.util.Assert.isTrue(Assert.java:121)
	at com.consol.citrus.validation.json.JsonTextMessageValidator.validateJson(JsonTextMessageValidator.java:211)
	at com.consol.citrus.validation.json.JsonTextMessageValidator.validateMessage(JsonTextMessageValidator.java:102)
	... 65 more

        ]]>
      </failure>
    </testcase>
    <testcase name="DuckTest.successfulCreateDB" classname="autotests.tests.DuckTest" time="0.0">
      <failure type="com.consol.citrus.exceptions.ValidationException" message="Failed to validate JSON text:
{&quot;id&quot;:45,&quot;color&quot;:&quot;red&quot;,&quot;height&quot;:11.0,&quot;material&quot;:&quot;rubber&quot;,&quot;sound&quot;:&quot;quack&quot;,&quot;wingsState&quot;:&quot;ACTIVE&quot;} Values not equal for entry: &apos;sound&apos;, expected &apos;quak&apos; but was &apos;quack&apos;">
        <![CDATA[
        com.consol.citrus.exceptions.ValidationException: Failed to validate JSON text:
{"id":45,"color":"red","height":11.0,"material":"rubber","sound":"quack","wingsState":"ACTIVE"} Values not equal for entry: 'sound', expected 'quak' but was 'quack'
	at com.consol.citrus.validation.json.JsonTextMessageValidator.validateMessage(JsonTextMessageValidator.java:114)
	at com.consol.citrus.validation.json.JsonTextMessageValidator.validateMessage(JsonTextMessageValidator.java:58)
	at com.consol.citrus.validation.AbstractMessageValidator.validateMessage(AbstractMessageValidator.java:46)
	at com.consol.citrus.actions.ReceiveMessageAction.validateMessage(ReceiveMessageAction.java:279)
	at com.consol.citrus.actions.ReceiveMessageAction.doExecute(ReceiveMessageAction.java:168)
	at com.consol.citrus.actions.AbstractTestAction.execute(AbstractTestAction.java:59)
	at com.consol.citrus.DefaultTestCase.executeAction(DefaultTestCase.java:136)
	at com.consol.citrus.DefaultTestCaseRunner.run(DefaultTestCaseRunner.java:125)
	at com.consol.citrus.TestActionRunner.$(TestActionRunner.java:35)
	at autotests.clients.DuckClient.validateResponseAndExtractId(DuckClient.java:85)
	at autotests.tests.DuckTest.successfulCreateDB(DuckTest.java:68)
	at java.base/jdk.internal.reflect.NativeMethodAccessorImpl.invoke0(Native Method)
	at java.base/jdk.internal.reflect.NativeMethodAccessorImpl.invoke(NativeMethodAccessorImpl.java:77)
	at java.base/jdk.internal.reflect.DelegatingMethodAccessorImpl.invoke(DelegatingMethodAccessorImpl.java:43)
	at java.base/java.lang.reflect.Method.invoke(Method.java:568)
	at org.springframework.util.ReflectionUtils.invokeMethod(ReflectionUtils.java:282)
	at com.consol.citrus.testng.TestNGHelper.lambda$invokeTestMethod$1(TestNGHelper.java:82)
	at com.consol.citrus.common.DefaultTestLoader.lambda$doLoad$1(DefaultTestLoader.java:116)
	at java.base/java.util.ArrayList.forEach(ArrayList.java:1511)
	at com.consol.citrus.common.DefaultTestLoader.doLoad(DefaultTestLoader.java:116)
	at com.consol.citrus.common.DefaultTestLoader.load(DefaultTestLoader.java:94)
	at com.consol.citrus.testng.TestNGHelper.invokeTestMethod(TestNGHelper.java:83)
	at com.consol.citrus.testng.spring.TestNGCitrusSpringSupport.run(TestNGCitrusSpringSupport.java:185)
	at com.consol.citrus.testng.spring.TestNGCitrusSpringSupport.run(TestNGCitrusSpringSupport.java:101)
	at org.testng.internal.invokers.MethodInvocationHelper.invokeHookable(MethodInvocationHelper.java:272)
	at org.testng.internal.invokers.TestInvoker.invokeMethod(TestInvoker.java:669)
	at org.testng.internal.invokers.TestInvoker.invokeTestMethod(TestInvoker.java:221)
	at org.testng.internal.invokers.MethodRunner.runInSequence(MethodRunner.java:50)
	at org.testng.internal.invokers.TestInvoker$MethodInvocationAgent.invoke(TestInvoker.java:969)
	at org.testng.internal.invokers.TestInvoker.invokeTestMethods(TestInvoker.java:194)
	at org.testng.internal.invokers.TestMethodWorker.invokeTestMethods(TestMethodWorker.java:148)
	at org.testng.internal.invokers.TestMethodWorker.run(TestMethodWorker.java:128)
	at java.base/java.util.ArrayList.forEach(ArrayList.java:1511)
	at org.testng.TestRunner.privateRun(TestRunner.java:829)
	at org.testng.TestRunner.run(TestRunner.java:602)
	at org.testng.SuiteRunner.runTest(SuiteRunner.java:437)
	at org.testng.SuiteRunner.runSequentially(SuiteRunner.java:431)
	at org.testng.SuiteRunner.privateRun(SuiteRunner.java:391)
	at org.testng.SuiteRunner.run(SuiteRunner.java:330)
	at org.testng.SuiteRunnerWorker.runSuite(SuiteRunnerWorker.java:52)
	at org.testng.SuiteRunnerWorker.run(SuiteRunnerWorker.java:95)
	at org.testng.TestNG.runSuitesSequentially(TestNG.java:1256)
	at org.testng.TestNG.runSuitesLocally(TestNG.java:1176)
	at org.testng.TestNG.runSuites(TestNG.java:1099)
	at org.testng.TestNG.run(TestNG.java:1067)
	at org.gradle.api.internal.tasks.testing.testng.TestNGTestClassProcessor.runTests(TestNGTestClassProcessor.java:145)
	at org.gradle.api.internal.tasks.testing.testng.TestNGTestClassProcessor.stop(TestNGTestClassProcessor.java:92)
	at org.gradle.api.internal.tasks.testing.SuiteTestClassProcessor.stop(SuiteTestClassProcessor.java:62)
	at java.base/jdk.internal.reflect.NativeMethodAccessorImpl.invoke0(Native Method)
	at java.base/jdk.internal.reflect.NativeMethodAccessorImpl.invoke(NativeMethodAccessorImpl.java:77)
	at java.base/jdk.internal.reflect.DelegatingMethodAccessorImpl.invoke(DelegatingMethodAccessorImpl.java:43)
	at java.base/java.lang.reflect.Method.invoke(Method.java:568)
	at org.gradle.internal.dispatch.ReflectionDispatch.dispatch(ReflectionDispatch.java:36)
	at org.gradle.internal.dispatch.ReflectionDispatch.dispatch(ReflectionDispatch.java:24)
	at org.gradle.internal.dispatch.ContextClassLoaderDispatch.dispatch(ContextClassLoaderDispatch.java:33)
	at org.gradle.internal.dispatch.ProxyDispatchAdapter$DispatchingInvocationHandler.invoke(ProxyDispatchAdapter.java:94)
	at jdk.proxy1/jdk.proxy1.$Proxy2.stop(Unknown Source)
	at org.gradle.api.internal.tasks.testing.worker.TestWorker$3.run(TestWorker.java:193)
	at org.gradle.api.internal.tasks.testing.worker.TestWorker.executeAndMaintainThreadName(TestWorker.java:129)
	at org.gradle.api.internal.tasks.testing.worker.TestWorker.execute(TestWorker.java:100)
	at org.gradle.api.internal.tasks.testing.worker.TestWorker.execute(TestWorker.java:60)
	at org.gradle.process.internal.worker.child.ActionExecutionWorker.execute(ActionExecutionWorker.java:56)
	at org.gradle.process.internal.worker.child.SystemApplicationClassLoaderWorker.call(SystemApplicationClassLoaderWorker.java:113)
	at org.gradle.process.internal.worker.child.SystemApplicationClassLoaderWorker.call(SystemApplicationClassLoaderWorker.java:65)
	at worker.org.gradle.process.internal.worker.GradleWorkerMain.run(GradleWorkerMain.java:69)
	at worker.org.gradle.process.internal.worker.GradleWorkerMain.main(GradleWorkerMain.java:74)
Caused by: java.lang.IllegalArgumentException: Values not equal for entry: 'sound', expected 'quak' but was 'quack'
	at org.springframework.util.Assert.isTrue(Assert.java:121)
	at com.consol.citrus.validation.json.JsonTextMessageValidator.validateJson(JsonTextMessageValidator.java:211)
	at com.consol.citrus.validation.json.JsonTextMessageValidator.validateMessage(JsonTextMessageValidator.java:102)
	... 65 more

        ]]>
      </failure>
    </testcase>
    <testcase name="DuckTest.successfulCreateDefault" classname="autotests.tests.DuckTest" time="0.0">
      <failure type="com.consol.citrus.exceptions.ValidationException" message="Failed to validate JSON text:
{&quot;id&quot;:46,&quot;color&quot;:&quot;&quot;,&quot;height&quot;:0.0,&quot;material&quot;:&quot;&quot;,&quot;sound&quot;:&quot;quack&quot;,&quot;wingsState&quot;:&quot;ACTIVE&quot;} Values not equal for entry: &apos;wingsState&apos;, expected &apos;UNDEFINED&apos; but was &apos;ACTIVE&apos;">
        <![CDATA[
        com.consol.citrus.exceptions.ValidationException: Failed to validate JSON text:
{"id":46,"color":"","height":0.0,"material":"","sound":"quack","wingsState":"ACTIVE"} Values not equal for entry: 'wingsState', expected 'UNDEFINED' but was 'ACTIVE'
	at com.consol.citrus.validation.json.JsonTextMessageValidator.validateMessage(JsonTextMessageValidator.java:114)
	at com.consol.citrus.validation.json.JsonTextMessageValidator.validateMessage(JsonTextMessageValidator.java:58)
	at com.consol.citrus.validation.AbstractMessageValidator.validateMessage(AbstractMessageValidator.java:46)
	at com.consol.citrus.actions.ReceiveMessageAction.validateMessage(ReceiveMessageAction.java:279)
	at com.consol.citrus.actions.ReceiveMessageAction.doExecute(ReceiveMessageAction.java:168)
	at com.consol.citrus.actions.AbstractTestAction.execute(AbstractTestAction.java:59)
	at com.consol.citrus.DefaultTestCase.executeAction(DefaultTestCase.java:136)
	at com.consol.citrus.DefaultTestCaseRunner.run(DefaultTestCaseRunner.java:125)
	at com.consol.citrus.TestActionRunner.$(TestActionRunner.java:35)
	at autotests.clients.DuckClient.validateResponseAndExtractId(DuckClient.java:85)
	at autotests.tests.DuckTest.successfulCreateDefault(DuckTest.java:45)
	at java.base/jdk.internal.reflect.NativeMethodAccessorImpl.invoke0(Native Method)
	at java.base/jdk.internal.reflect.NativeMethodAccessorImpl.invoke(NativeMethodAccessorImpl.java:77)
	at java.base/jdk.internal.reflect.DelegatingMethodAccessorImpl.invoke(DelegatingMethodAccessorImpl.java:43)
	at java.base/java.lang.reflect.Method.invoke(Method.java:568)
	at org.springframework.util.ReflectionUtils.invokeMethod(ReflectionUtils.java:282)
	at com.consol.citrus.testng.TestNGHelper.lambda$invokeTestMethod$1(TestNGHelper.java:82)
	at com.consol.citrus.common.DefaultTestLoader.lambda$doLoad$1(DefaultTestLoader.java:116)
	at java.base/java.util.ArrayList.forEach(ArrayList.java:1511)
	at com.consol.citrus.common.DefaultTestLoader.doLoad(DefaultTestLoader.java:116)
	at com.consol.citrus.common.DefaultTestLoader.load(DefaultTestLoader.java:94)
	at com.consol.citrus.testng.TestNGHelper.invokeTestMethod(TestNGHelper.java:83)
	at com.consol.citrus.testng.spring.TestNGCitrusSpringSupport.run(TestNGCitrusSpringSupport.java:185)
	at com.consol.citrus.testng.spring.TestNGCitrusSpringSupport.run(TestNGCitrusSpringSupport.java:101)
	at org.testng.internal.invokers.MethodInvocationHelper.invokeHookable(MethodInvocationHelper.java:272)
	at org.testng.internal.invokers.TestInvoker.invokeMethod(TestInvoker.java:669)
	at org.testng.internal.invokers.TestInvoker.invokeTestMethod(TestInvoker.java:221)
	at org.testng.internal.invokers.MethodRunner.runInSequence(MethodRunner.java:50)
	at org.testng.internal.invokers.TestInvoker$MethodInvocationAgent.invoke(TestInvoker.java:969)
	at org.testng.internal.invokers.TestInvoker.invokeTestMethods(TestInvoker.java:194)
	at org.testng.internal.invokers.TestMethodWorker.invokeTestMethods(TestMethodWorker.java:148)
	at org.testng.internal.invokers.TestMethodWorker.run(TestMethodWorker.java:128)
	at java.base/java.util.ArrayList.forEach(ArrayList.java:1511)
	at org.testng.TestRunner.privateRun(TestRunner.java:829)
	at org.testng.TestRunner.run(TestRunner.java:602)
	at org.testng.SuiteRunner.runTest(SuiteRunner.java:437)
	at org.testng.SuiteRunner.runSequentially(SuiteRunner.java:431)
	at org.testng.SuiteRunner.privateRun(SuiteRunner.java:391)
	at org.testng.SuiteRunner.run(SuiteRunner.java:330)
	at org.testng.SuiteRunnerWorker.runSuite(SuiteRunnerWorker.java:52)
	at org.testng.SuiteRunnerWorker.run(SuiteRunnerWorker.java:95)
	at org.testng.TestNG.runSuitesSequentially(TestNG.java:1256)
	at org.testng.TestNG.runSuitesLocally(TestNG.java:1176)
	at org.testng.TestNG.runSuites(TestNG.java:1099)
	at org.testng.TestNG.run(TestNG.java:1067)
	at org.gradle.api.internal.tasks.testing.testng.TestNGTestClassProcessor.runTests(TestNGTestClassProcessor.java:145)
	at org.gradle.api.internal.tasks.testing.testng.TestNGTestClassProcessor.stop(TestNGTestClassProcessor.java:92)
	at org.gradle.api.internal.tasks.testing.SuiteTestClassProcessor.stop(SuiteTestClassProcessor.java:62)
	at java.base/jdk.internal.reflect.NativeMethodAccessorImpl.invoke0(Native Method)
	at java.base/jdk.internal.reflect.NativeMethodAccessorImpl.invoke(NativeMethodAccessorImpl.java:77)
	at java.base/jdk.internal.reflect.DelegatingMethodAccessorImpl.invoke(DelegatingMethodAccessorImpl.java:43)
	at java.base/java.lang.reflect.Method.invoke(Method.java:568)
	at org.gradle.internal.dispatch.ReflectionDispatch.dispatch(ReflectionDispatch.java:36)
	at org.gradle.internal.dispatch.ReflectionDispatch.dispatch(ReflectionDispatch.java:24)
	at org.gradle.internal.dispatch.ContextClassLoaderDispatch.dispatch(ContextClassLoaderDispatch.java:33)
	at org.gradle.internal.dispatch.ProxyDispatchAdapter$DispatchingInvocationHandler.invoke(ProxyDispatchAdapter.java:94)
	at jdk.proxy1/jdk.proxy1.$Proxy2.stop(Unknown Source)
	at org.gradle.api.internal.tasks.testing.worker.TestWorker$3.run(TestWorker.java:193)
	at org.gradle.api.internal.tasks.testing.worker.TestWorker.executeAndMaintainThreadName(TestWorker.java:129)
	at org.gradle.api.internal.tasks.testing.worker.TestWorker.execute(TestWorker.java:100)
	at org.gradle.api.internal.tasks.testing.worker.TestWorker.execute(TestWorker.java:60)
	at org.gradle.process.internal.worker.child.ActionExecutionWorker.execute(ActionExecutionWorker.java:56)
	at org.gradle.process.internal.worker.child.SystemApplicationClassLoaderWorker.call(SystemApplicationClassLoaderWorker.java:113)
	at org.gradle.process.internal.worker.child.SystemApplicationClassLoaderWorker.call(SystemApplicationClassLoaderWorker.java:65)
	at worker.org.gradle.process.internal.worker.GradleWorkerMain.run(GradleWorkerMain.java:69)
	at worker.org.gradle.process.internal.worker.GradleWorkerMain.main(GradleWorkerMain.java:74)
Caused by: java.lang.IllegalArgumentException: Values not equal for entry: 'wingsState', expected 'UNDEFINED' but was 'ACTIVE'
	at org.springframework.util.Assert.isTrue(Assert.java:121)
	at com.consol.citrus.validation.json.JsonTextMessageValidator.validateJson(JsonTextMessageValidator.java:211)
	at com.consol.citrus.validation.json.JsonTextMessageValidator.validateMessage(JsonTextMessageValidator.java:102)
	... 65 more

        ]]>
      </failure>
    </testcase>
    <testcase name="DuckTest.successfulDeleteExist" classname="autotests.tests.DuckTest" time="0.0">
      <failure type="com.consol.citrus.exceptions.ValidationException" message="Failed to validate JSON text:
{&quot;message&quot;:&quot;Duck with id = 47 is deleted&quot;} Values not equal for entry: &apos;message&apos;, expected &apos;Duck is deleted&apos; but was &apos;Duck with id = 47 is deleted&apos;">
        <![CDATA[
        com.consol.citrus.exceptions.ValidationException: Failed to validate JSON text:
{"message":"Duck with id = 47 is deleted"} Values not equal for entry: 'message', expected 'Duck is deleted' but was 'Duck with id = 47 is deleted'
	at com.consol.citrus.validation.json.JsonTextMessageValidator.validateMessage(JsonTextMessageValidator.java:114)
	at com.consol.citrus.validation.json.JsonTextMessageValidator.validateMessage(JsonTextMessageValidator.java:58)
	at com.consol.citrus.validation.AbstractMessageValidator.validateMessage(AbstractMessageValidator.java:46)
	at com.consol.citrus.actions.ReceiveMessageAction.validateMessage(ReceiveMessageAction.java:279)
	at com.consol.citrus.actions.ReceiveMessageAction.doExecute(ReceiveMessageAction.java:168)
	at com.consol.citrus.actions.AbstractTestAction.execute(AbstractTestAction.java:59)
	at com.consol.citrus.DefaultTestCase.executeAction(DefaultTestCase.java:136)
	at com.consol.citrus.DefaultTestCaseRunner.run(DefaultTestCaseRunner.java:125)
	at com.consol.citrus.TestActionRunner.$(TestActionRunner.java:35)
	at autotests.BaseTest.validateResponse(BaseTest.java:131)
	at autotests.clients.DuckClient.validateResponseString(DuckClient.java:80)
	at autotests.tests.DuckTest.successfulDeleteExist(DuckTest.java:90)
	at java.base/jdk.internal.reflect.NativeMethodAccessorImpl.invoke0(Native Method)
	at java.base/jdk.internal.reflect.NativeMethodAccessorImpl.invoke(NativeMethodAccessorImpl.java:77)
	at java.base/jdk.internal.reflect.DelegatingMethodAccessorImpl.invoke(DelegatingMethodAccessorImpl.java:43)
	at java.base/java.lang.reflect.Method.invoke(Method.java:568)
	at org.springframework.util.ReflectionUtils.invokeMethod(ReflectionUtils.java:282)
	at com.consol.citrus.testng.TestNGHelper.lambda$invokeTestMethod$1(TestNGHelper.java:82)
	at com.consol.citrus.common.DefaultTestLoader.lambda$doLoad$1(DefaultTestLoader.java:116)
	at java.base/java.util.ArrayList.forEach(ArrayList.java:1511)
	at com.consol.citrus.common.DefaultTestLoader.doLoad(DefaultTestLoader.java:116)
	at com.consol.citrus.common.DefaultTestLoader.load(DefaultTestLoader.java:94)
	at com.consol.citrus.testng.TestNGHelper.invokeTestMethod(TestNGHelper.java:83)
	at com.consol.citrus.testng.spring.TestNGCitrusSpringSupport.run(TestNGCitrusSpringSupport.java:185)
	at com.consol.citrus.testng.spring.TestNGCitrusSpringSupport.run(TestNGCitrusSpringSupport.java:101)
	at org.testng.internal.invokers.MethodInvocationHelper.invokeHookable(MethodInvocationHelper.java:272)
	at org.testng.internal.invokers.TestInvoker.invokeMethod(TestInvoker.java:669)
	at org.testng.internal.invokers.TestInvoker.invokeTestMethod(TestInvoker.java:221)
	at org.testng.internal.invokers.MethodRunner.runInSequence(MethodRunner.java:50)
	at org.testng.internal.invokers.TestInvoker$MethodInvocationAgent.invoke(TestInvoker.java:969)
	at org.testng.internal.invokers.TestInvoker.invokeTestMethods(TestInvoker.java:194)
	at org.testng.internal.invokers.TestMethodWorker.invokeTestMethods(TestMethodWorker.java:148)
	at org.testng.internal.invokers.TestMethodWorker.run(TestMethodWorker.java:128)
	at java.base/java.util.ArrayList.forEach(ArrayList.java:1511)
	at org.testng.TestRunner.privateRun(TestRunner.java:829)
	at org.testng.TestRunner.run(TestRunner.java:602)
	at org.testng.SuiteRunner.runTest(SuiteRunner.java:437)
	at org.testng.SuiteRunner.runSequentially(SuiteRunner.java:431)
	at org.testng.SuiteRunner.privateRun(SuiteRunner.java:391)
	at org.testng.SuiteRunner.run(SuiteRunner.java:330)
	at org.testng.SuiteRunnerWorker.runSuite(SuiteRunnerWorker.java:52)
	at org.testng.SuiteRunnerWorker.run(SuiteRunnerWorker.java:95)
	at org.testng.TestNG.runSuitesSequentially(TestNG.java:1256)
	at org.testng.TestNG.runSuitesLocally(TestNG.java:1176)
	at org.testng.TestNG.runSuites(TestNG.java:1099)
	at org.testng.TestNG.run(TestNG.java:1067)
	at org.gradle.api.internal.tasks.testing.testng.TestNGTestClassProcessor.runTests(TestNGTestClassProcessor.java:145)
	at org.gradle.api.internal.tasks.testing.testng.TestNGTestClassProcessor.stop(TestNGTestClassProcessor.java:92)
	at org.gradle.api.internal.tasks.testing.SuiteTestClassProcessor.stop(SuiteTestClassProcessor.java:62)
	at java.base/jdk.internal.reflect.NativeMethodAccessorImpl.invoke0(Native Method)
	at java.base/jdk.internal.reflect.NativeMethodAccessorImpl.invoke(NativeMethodAccessorImpl.java:77)
	at java.base/jdk.internal.reflect.DelegatingMethodAccessorImpl.invoke(DelegatingMethodAccessorImpl.java:43)
	at java.base/java.lang.reflect.Method.invoke(Method.java:568)
	at org.gradle.internal.dispatch.ReflectionDispatch.dispatch(ReflectionDispatch.java:36)
	at org.gradle.internal.dispatch.ReflectionDispatch.dispatch(ReflectionDispatch.java:24)
	at org.gradle.internal.dispatch.ContextClassLoaderDispatch.dispatch(ContextClassLoaderDispatch.java:33)
	at org.gradle.internal.dispatch.ProxyDispatchAdapter$DispatchingInvocationHandler.invoke(ProxyDispatchAdapter.java:94)
	at jdk.proxy1/jdk.proxy1.$Proxy2.stop(Unknown Source)
	at org.gradle.api.internal.tasks.testing.worker.TestWorker$3.run(TestWorker.java:193)
	at org.gradle.api.internal.tasks.testing.worker.TestWorker.executeAndMaintainThreadName(TestWorker.java:129)
	at org.gradle.api.internal.tasks.testing.worker.TestWorker.execute(TestWorker.java:100)
	at org.gradle.api.internal.tasks.testing.worker.TestWorker.execute(TestWorker.java:60)
	at org.gradle.process.internal.worker.child.ActionExecutionWorker.execute(ActionExecutionWorker.java:56)
	at org.gradle.process.internal.worker.child.SystemApplicationClassLoaderWorker.call(SystemApplicationClassLoaderWorker.java:113)
	at org.gradle.process.internal.worker.child.SystemApplicationClassLoaderWorker.call(SystemApplicationClassLoaderWorker.java:65)
	at worker.org.gradle.process.internal.worker.GradleWorkerMain.run(GradleWorkerMain.java:69)
	at worker.org.gradle.process.internal.worker.GradleWorkerMain.main(GradleWorkerMain.java:74)
Caused by: java.lang.IllegalArgumentException: Values not equal for entry: 'message', expected 'Duck is deleted' but was 'Duck with id = 47 is deleted'
	at org.springframework.util.Assert.isTrue(Assert.java:121)
	at com.consol.citrus.validation.json.JsonTextMessageValidator.validateJson(JsonTextMessageValidator.java:211)
	at com.consol.citrus.validation.json.JsonTextMessageValidator.validateMessage(JsonTextMessageValidator.java:102)
	... 66 more

        ]]>
      </failure>
    </testcase>
    <testcase name="DuckTest.successfulDeleteNotExist" classname="autotests.tests.DuckTest" time="0.0"/>
    <testcase name="DuckTest.successfulGetAllIds" classname="autotests.tests.DuckTest" time="0.0"/>
    <testcase name="DuckTest.successfulGetAllIdsEmpty" classname="autotests.tests.DuckTest" time="0.0"/>
    <testcase name="DuckTest.successfulUpdate" classname="autotests.tests.DuckTest" time="0.0">
      <failure type="com.consol.citrus.exceptions.ValidationException" message="Validation failed for column: &apos;SOUND&apos; found value: &apos;quack&apos; expected value: QUAK">
        <![CDATA[
        com.consol.citrus.exceptions.ValidationException: Validation failed for column: 'SOUND' found value: 'quack' expected value: QUAK
	at com.consol.citrus.actions.ExecuteSQLQueryAction.validateSingleValue(ExecuteSQLQueryAction.java:381)
	at com.consol.citrus.actions.ExecuteSQLQueryAction.performControlResultSetValidation(ExecuteSQLQueryAction.java:329)
	at com.consol.citrus.actions.ExecuteSQLQueryAction.performValidation(ExecuteSQLQueryAction.java:297)
	at com.consol.citrus.actions.ExecuteSQLQueryAction.doExecute(ExecuteSQLQueryAction.java:122)
	at com.consol.citrus.actions.AbstractDatabaseConnectingTestAction.execute(AbstractDatabaseConnectingTestAction.java:91)
	at com.consol.citrus.DefaultTestCase.executeAction(DefaultTestCase.java:136)
	at com.consol.citrus.DefaultTestCaseRunner.run(DefaultTestCaseRunner.java:125)
	at com.consol.citrus.TestActionRunner.$(TestActionRunner.java:35)
	at autotests.BaseTest.validateDuckInDatabase(BaseTest.java:167)
	at autotests.tests.DuckTest.successfulUpdate(DuckTest.java:170)
	at java.base/jdk.internal.reflect.NativeMethodAccessorImpl.invoke0(Native Method)
	at java.base/jdk.internal.reflect.NativeMethodAccessorImpl.invoke(NativeMethodAccessorImpl.java:77)
	at java.base/jdk.internal.reflect.DelegatingMethodAccessorImpl.invoke(DelegatingMethodAccessorImpl.java:43)
	at java.base/java.lang.reflect.Method.invoke(Method.java:568)
	at org.springframework.util.ReflectionUtils.invokeMethod(ReflectionUtils.java:282)
	at com.consol.citrus.testng.TestNGHelper.lambda$invokeTestMethod$1(TestNGHelper.java:82)
	at com.consol.citrus.common.DefaultTestLoader.lambda$doLoad$1(DefaultTestLoader.java:116)
	at java.base/java.util.ArrayList.forEach(ArrayList.java:1511)
	at com.consol.citrus.common.DefaultTestLoader.doLoad(DefaultTestLoader.java:116)
	at com.consol.citrus.common.DefaultTestLoader.load(DefaultTestLoader.java:94)
	at com.consol.citrus.testng.TestNGHelper.invokeTestMethod(TestNGHelper.java:83)
	at com.consol.citrus.testng.spring.TestNGCitrusSpringSupport.run(TestNGCitrusSpringSupport.java:185)
	at com.consol.citrus.testng.spring.TestNGCitrusSpringSupport.run(TestNGCitrusSpringSupport.java:101)
	at org.testng.internal.invokers.MethodInvocationHelper.invokeHookable(MethodInvocationHelper.java:272)
	at org.testng.internal.invokers.TestInvoker.invokeMethod(TestInvoker.java:669)
	at org.testng.internal.invokers.TestInvoker.invokeTestMethod(TestInvoker.java:221)
	at org.testng.internal.invokers.MethodRunner.runInSequence(MethodRunner.java:50)
	at org.testng.internal.invokers.TestInvoker$MethodInvocationAgent.invoke(TestInvoker.java:969)
	at org.testng.internal.invokers.TestInvoker.invokeTestMethods(TestInvoker.java:194)
	at org.testng.internal.invokers.TestMethodWorker.invokeTestMethods(TestMethodWorker.java:148)
	at org.testng.internal.invokers.TestMethodWorker.run(TestMethodWorker.java:128)
	at java.base/java.util.ArrayList.forEach(ArrayList.java:1511)
	at org.testng.TestRunner.privateRun(TestRunner.java:829)
	at org.testng.TestRunner.run(TestRunner.java:602)
	at org.testng.SuiteRunner.runTest(SuiteRunner.java:437)
	at org.testng.SuiteRunner.runSequentially(SuiteRunner.java:431)
	at org.testng.SuiteRunner.privateRun(SuiteRunner.java:391)
	at org.testng.SuiteRunner.run(SuiteRunner.java:330)
	at org.testng.SuiteRunnerWorker.runSuite(SuiteRunnerWorker.java:52)
	at org.testng.SuiteRunnerWorker.run(SuiteRunnerWorker.java:95)
	at org.testng.TestNG.runSuitesSequentially(TestNG.java:1256)
	at org.testng.TestNG.runSuitesLocally(TestNG.java:1176)
	at org.testng.TestNG.runSuites(TestNG.java:1099)
	at org.testng.TestNG.run(TestNG.java:1067)
	at org.gradle.api.internal.tasks.testing.testng.TestNGTestClassProcessor.runTests(TestNGTestClassProcessor.java:145)
	at org.gradle.api.internal.tasks.testing.testng.TestNGTestClassProcessor.stop(TestNGTestClassProcessor.java:92)
	at org.gradle.api.internal.tasks.testing.SuiteTestClassProcessor.stop(SuiteTestClassProcessor.java:62)
	at java.base/jdk.internal.reflect.NativeMethodAccessorImpl.invoke0(Native Method)
	at java.base/jdk.internal.reflect.NativeMethodAccessorImpl.invoke(NativeMethodAccessorImpl.java:77)
	at java.base/jdk.internal.reflect.DelegatingMethodAccessorImpl.invoke(DelegatingMethodAccessorImpl.java:43)
	at java.base/java.lang.reflect.Method.invoke(Method.java:568)
	at org.gradle.internal.dispatch.ReflectionDispatch.dispatch(ReflectionDispatch.java:36)
	at org.gradle.internal.dispatch.ReflectionDispatch.dispatch(ReflectionDispatch.java:24)
	at org.gradle.internal.dispatch.ContextClassLoaderDispatch.dispatch(ContextClassLoaderDispatch.java:33)
	at org.gradle.internal.dispatch.ProxyDispatchAdapter$DispatchingInvocationHandler.invoke(ProxyDispatchAdapter.java:94)
	at jdk.proxy1/jdk.proxy1.$Proxy2.stop(Unknown Source)
	at org.gradle.api.internal.tasks.testing.worker.TestWorker$3.run(TestWorker.java:193)
	at org.gradle.api.internal.tasks.testing.worker.TestWorker.executeAndMaintainThreadName(TestWorker.java:129)
	at org.gradle.api.internal.tasks.testing.worker.TestWorker.execute(TestWorker.java:100)
	at org.gradle.api.internal.tasks.testing.worker.TestWorker.execute(TestWorker.java:60)
	at org.gradle.process.internal.worker.child.ActionExecutionWorker.execute(ActionExecutionWorker.java:56)
	at org.gradle.process.internal.worker.child.SystemApplicationClassLoaderWorker.call(SystemApplicationClassLoaderWorker.java:113)
	at org.gradle.process.internal.worker.child.SystemApplicationClassLoaderWorker.call(SystemApplicationClassLoaderWorker.java:65)
	at worker.org.gradle.process.internal.worker.GradleWorkerMain.run(GradleWorkerMain.java:69)
	at worker.org.gradle.process.internal.worker.GradleWorkerMain.main(GradleWorkerMain.java:74)

        ]]>
      </failure>
    </testcase>
</testsuite>